<?xml version="1.0" encoding="UTF-8"?>
<coverage generated="1623898296862" clover="3.2.0">
  <project timestamp="1623898296862" name="All files">
    <metrics statements="6" coveredstatements="6" conditionals="0" coveredconditionals="0" methods="0" coveredmethods="0" elements="6" coveredelements="6" complexity="0" loc="6" ncloc="6" packages="1" files="2" classes="2"/>
    <file name="email.js" path="C:\Users\dheer\OneDrive\Desktop\HCS\integrationTool\src\models\email.js">
      <metrics statements="3" coveredstatements="3" conditionals="0" coveredconditionals="0" methods="0" coveredmethods="0"/>
      <line num="3" count="1" type="stmt"/>
      <line num="5" count="1" type="stmt"/>
      <line num="19" count="1" type="stmt"/>
    </file>
    <file name="patient.js" path="C:\Users\dheer\OneDrive\Desktop\HCS\integrationTool\src\models\patient.js">
      <metrics statements="3" coveredstatements="3" conditionals="0" coveredconditionals="0" methods="0" coveredmethods="0"/>
      <line num="3" count="1" type="stmt"/>
      <line num="5" count="1" type="stmt"/>
      <line num="25" count="1" type="stmt"/>
    </file>
  </project>
</coverage>
