{"C:\\Users\\dheer\\OneDrive\\Desktop\\HCS\\integrationTool\\src\\models\\email.js": {"path":"C:\\Users\\dheer\\OneDrive\\Desktop\\HCS\\integrationTool\\src\\models\\email.js","statementMap":{"0":{"start":{"line":3,"column":15},"end":{"line":3,"column":30}},"1":{"start":{"line":5,"column":20},"end":{"line":17,"column":2}},"2":{"start":{"line":19,"column":19},"end":{"line":19,"column":56}}},"fnMap":{},"branchMap":{},"s":{"0":1,"1":1,"2":1},"f":{},"b":{},"_coverageSchema":"1a1c01bbd47fc00a2c39e90264f33305004495a9","hash":"6689e87563e5775c3821e55dcae2f42a75331182"}
,"C:\\Users\\dheer\\OneDrive\\Desktop\\HCS\\integrationTool\\src\\models\\patient.js": {"path":"C:\\Users\\dheer\\OneDrive\\Desktop\\HCS\\integrationTool\\src\\models\\patient.js","statementMap":{"0":{"start":{"line":3,"column":15},"end":{"line":3,"column":30}},"1":{"start":{"line":5,"column":22},"end":{"line":23,"column":2}},"2":{"start":{"line":25,"column":16},"end":{"line":25,"column":56}}},"fnMap":{},"branchMap":{},"s":{"0":1,"1":1,"2":1},"f":{},"b":{},"_coverageSchema":"1a1c01bbd47fc00a2c39e90264f33305004495a9","hash":"c9055a87a6bab911900d22d485243a1cd99efa93"}
}
